<?xml version="1.0" encoding="UTF-8"?>
<testsuite xmlns:xsi="http://www.w3.org/2001/XMLSchema-instance" xsi:noNamespaceSchemaLocation="https://maven.apache.org/surefire/maven-surefire-plugin/xsd/surefire-test-report.xsd" version="3.0.2" name="TestSuite" time="18.362" tests="1" errors="0" skipped="0" failures="0">
  <properties>
[...]
</properties>
  <testcase name="runScenario[&quot;Verify cart icon&quot;, &quot;Amazon home page functionality&quot;](1)" classname="amazonExecution.RunnerClass" time="13.902">
    <system-out><![CDATA[
@smoke
Scenario: Verify cart icon            &amp#27;[90m# src/test/resources/AmazonFeatureFile/HomePage.feature:9&amp#27;[0m
  &amp#27;[32mGiven &amp#27;[0m&amp#27;[32mUser is at landing page&amp#27;[0m       &amp#27;[90m# amazonExecution.HomePageStep.user_is_at_landing_page()&amp#27;[0m
  &amp#27;[32mThen &amp#27;[0m&amp#27;[32mCart icon should get displayed&amp#27;[0m &amp#27;[90m# amazonExecution.HomePageStep.cart_icon_should_get_displayed()&amp#27;[0m
]]></system-out>
    <system-err><![CDATA[SLF4J: Failed to load class "org.slf4j.impl.StaticLoggerBinder".
SLF4J: Defaulting to no-operation (NOP) logger implementation
SLF4J: See http://www.slf4j.org/codes.html#StaticLoggerBinder for further details.
Dec 04, 2024 4:35:08 PM org.openqa.selenium.devtools.CdpVersionFinder findNearestMatch
WARNING: Unable to find an exact match for CDP version 131, returning the closest version; found: 129; Please update to a Selenium version that supports CDP version 131
]]></system-err>
  </testcase>
</testsuite>