<?xml version="1.0" encoding="UTF-8"?>
<testng-results ignored="0" total="1" passed="1" failed="0" skipped="0">
  <reporter-output>
  </reporter-output>
  <suite started-at="2024-12-04T16:35:01 IST" name="Suite" finished-at="2024-12-04T16:35:17 IST" duration-ms="16845">
    <groups>
      <group name="cucumber">
        <method signature="AbstractTestNGCucumberTests.runScenario(io.cucumber.testng.PickleWrapper,io.cucumber.testng.FeatureWrapper)[pri:0, instance:amazonExecution.RunnerClass@6c64cb25]" name="runScenario" class="io.cucumber.testng.AbstractTestNGCucumberTests"/>
      </group> <!-- cucumber -->
    </groups>
    <test started-at="2024-12-04T16:35:01 IST" name="Test" finished-at="2024-12-04T16:35:17 IST" duration-ms="16845">
      <class name="amazonExecution.RunnerClass">
        <test-method is-config="true" signature="setUpClass(org.testng.ITestContext)[pri:0, instance:amazonExecution.RunnerClass@6c64cb25]" started-at="2024-12-04T16:35:01 IST" name="setUpClass" finished-at="2024-12-04T16:35:02 IST" duration-ms="1232" status="PASS">
          <params>
            <param index="0">
              <value>
                <![CDATA[org.testng.TestRunner@6fc29daa]]>
              </value>
            </param>
          </params>
          <reporter-output>
          </reporter-output>
        </test-method> <!-- setUpClass -->
        <test-method signature="runScenario(io.cucumber.testng.PickleWrapper,io.cucumber.testng.FeatureWrapper)[pri:0, instance:amazonExecution.RunnerClass@6c64cb25]" started-at="2024-12-04T16:35:02 IST" name="runScenario" description="Runs Cucumber Scenarios" data-provider="scenarios" finished-at="2024-12-04T16:35:16 IST" duration-ms="13898" status="PASS">
          <params>
            <param index="0">
              <value>
                <![CDATA["Verify cart icon"]]>
              </value>
            </param>
            <param index="1">
              <value>
                <![CDATA["Amazon home page functionality"]]>
              </value>
            </param>
          </params>
          <reporter-output>
          </reporter-output>
        </test-method> <!-- runScenario -->
        <test-method is-config="true" signature="tearDownClass()[pri:0, instance:amazonExecution.RunnerClass@6c64cb25]" started-at="2024-12-04T16:35:16 IST" name="tearDownClass" finished-at="2024-12-04T16:35:17 IST" duration-ms="1605" status="PASS">
          <reporter-output>
          </reporter-output>
        </test-method> <!-- tearDownClass -->
      </class> <!-- amazonExecution.RunnerClass -->
    </test> <!-- Test -->
  </suite> <!-- Suite -->
</testng-results>
