<?xml version="1.0" encoding="UTF-8"?>
<testng-results ignored="0" total="4" passed="4" failed="0" skipped="0">
  <reporter-output>
  </reporter-output>
  <suite started-at="2024-12-04T16:05:13 IST" name="Default suite" finished-at="2024-12-04T16:06:31 IST" duration-ms="77246">
    <groups>
      <group name="cucumber">
        <method signature="AbstractTestNGCucumberTests.runScenario(io.cucumber.testng.PickleWrapper,io.cucumber.testng.FeatureWrapper)[pri:0, instance:amazonExecution.RunnerClass@385c9627]" name="runScenario" class="io.cucumber.testng.AbstractTestNGCucumberTests"/>
      </group> <!-- cucumber -->
    </groups>
    <test started-at="2024-12-04T16:05:13 IST" name="Default test" finished-at="2024-12-04T16:06:31 IST" duration-ms="77246">
      <class name="amazonExecution.RunnerClass">
        <test-method is-config="true" signature="setUpClass(org.testng.ITestContext)[pri:0, instance:amazonExecution.RunnerClass@385c9627]" started-at="2024-12-04T16:05:13 IST" name="setUpClass" finished-at="2024-12-04T16:05:15 IST" duration-ms="1293" status="PASS">
          <params>
            <param index="0">
              <value>
                <![CDATA[org.testng.TestRunner@52a33c3f]]>
              </value>
            </param>
          </params>
          <reporter-output>
          </reporter-output>
        </test-method> <!-- setUpClass -->
        <test-method signature="runScenario(io.cucumber.testng.PickleWrapper,io.cucumber.testng.FeatureWrapper)[pri:0, instance:amazonExecution.RunnerClass@385c9627]" started-at="2024-12-04T16:05:15 IST" name="runScenario" description="Runs Cucumber Scenarios" data-provider="scenarios" finished-at="2024-12-04T16:05:29 IST" duration-ms="14104" status="PASS">
          <params>
            <param index="0">
              <value>
                <![CDATA["Validation of title"]]>
              </value>
            </param>
            <param index="1">
              <value>
                <![CDATA["Amazon home page functionality"]]>
              </value>
            </param>
          </params>
          <reporter-output>
          </reporter-output>
        </test-method> <!-- runScenario -->
        <test-method signature="runScenario(io.cucumber.testng.PickleWrapper,io.cucumber.testng.FeatureWrapper)[pri:0, instance:amazonExecution.RunnerClass@385c9627]" started-at="2024-12-04T16:05:29 IST" name="runScenario" description="Runs Cucumber Scenarios" data-provider="scenarios" finished-at="2024-12-04T16:05:43 IST" duration-ms="13856" status="PASS">
          <params>
            <param index="0">
              <value>
                <![CDATA["Verify cart icon"]]>
              </value>
            </param>
            <param index="1">
              <value>
                <![CDATA["Amazon home page functionality"]]>
              </value>
            </param>
          </params>
          <reporter-output>
          </reporter-output>
        </test-method> <!-- runScenario -->
        <test-method signature="runScenario(io.cucumber.testng.PickleWrapper,io.cucumber.testng.FeatureWrapper)[pri:0, instance:amazonExecution.RunnerClass@385c9627]" started-at="2024-12-04T16:05:43 IST" name="runScenario" description="Runs Cucumber Scenarios" data-provider="scenarios" finished-at="2024-12-04T16:06:14 IST" duration-ms="31166" status="PASS">
          <params>
            <param index="0">
              <value>
                <![CDATA["Verify the deal section"]]>
              </value>
            </param>
            <param index="1">
              <value>
                <![CDATA["Amazon home page functionality"]]>
              </value>
            </param>
          </params>
          <reporter-output>
          </reporter-output>
        </test-method> <!-- runScenario -->
        <test-method signature="runScenario(io.cucumber.testng.PickleWrapper,io.cucumber.testng.FeatureWrapper)[pri:0, instance:amazonExecution.RunnerClass@385c9627]" started-at="2024-12-04T16:06:14 IST" name="runScenario" description="Runs Cucumber Scenarios" data-provider="scenarios" finished-at="2024-12-04T16:06:29 IST" duration-ms="15240" status="PASS">
          <params>
            <param index="0">
              <value>
                <![CDATA["Login to application"]]>
              </value>
            </param>
            <param index="1">
              <value>
                <![CDATA["Amazon home page functionality"]]>
              </value>
            </param>
          </params>
          <reporter-output>
          </reporter-output>
        </test-method> <!-- runScenario -->
        <test-method is-config="true" signature="tearDownClass()[pri:0, instance:amazonExecution.RunnerClass@385c9627]" started-at="2024-12-04T16:06:29 IST" name="tearDownClass" finished-at="2024-12-04T16:06:31 IST" duration-ms="1436" status="PASS">
          <reporter-output>
          </reporter-output>
        </test-method> <!-- tearDownClass -->
      </class> <!-- amazonExecution.RunnerClass -->
    </test> <!-- Default test -->
  </suite> <!-- Default suite -->
</testng-results>
